<<<<<<< HEAD
ERROR - 2026-07-20 07:28:05 --> Error connecting to the database: mysqli_sql_exception: No such file or directory in /home/sanda/Documents/examen_final_IHM/exam_ETU003917_ETU004157/system/Database/MySQLi/Connection.php:201
Stack trace:
#0 /home/sanda/Documents/examen_final_IHM/exam_ETU003917_ETU004157/system/Database/MySQLi/Connection.php(201): mysqli->real_connect()
#1 /home/sanda/Documents/examen_final_IHM/exam_ETU003917_ETU004157/system/Database/BaseConnection.php(555): CodeIgniter\Database\MySQLi\Connection->connect()
#2 /home/sanda/Documents/examen_final_IHM/exam_ETU003917_ETU004157/system/Database/BaseConnection.php(795): CodeIgniter\Database\BaseConnection->initialize()
#3 /home/sanda/Documents/examen_final_IHM/exam_ETU003917_ETU004157/system/Database/BaseBuilder.php(1649): CodeIgniter\Database\BaseConnection->query()
#4 /home/sanda/Documents/examen_final_IHM/exam_ETU003917_ETU004157/app/Models/ClientModel.php(20): CodeIgniter\Database\BaseBuilder->get()
#5 /home/sanda/Documents/examen_final_IHM/exam_ETU003917_ETU004157/app/Models/ClientModel.php(37): App\Models\ClientModel->estPrefixeValide()
#6 /home/sanda/Documents/examen_final_IHM/exam_ETU003917_ETU004157/app/Controllers/Client/AuthController.php(31): App\Models\ClientModel->connnecterOuInscrire()
#7 /home/sanda/Documents/examen_final_IHM/exam_ETU003917_ETU004157/system/CodeIgniter.php(951): App\Controllers\Client\AuthController->processLogin()
#8 /home/sanda/Documents/examen_final_IHM/exam_ETU003917_ETU004157/system/CodeIgniter.php(497): CodeIgniter\CodeIgniter->runController()
#9 /home/sanda/Documents/examen_final_IHM/exam_ETU003917_ETU004157/system/CodeIgniter.php(340): CodeIgniter\CodeIgniter->handleRequest()
#10 /home/sanda/Documents/examen_final_IHM/exam_ETU003917_ETU004157/system/Boot.php(417): CodeIgniter\CodeIgniter->run()
#11 /home/sanda/Documents/examen_final_IHM/exam_ETU003917_ETU004157/system/Boot.php(68): CodeIgniter\Boot::runCodeIgniter()
#12 /home/sanda/Documents/examen_final_IHM/exam_ETU003917_ETU004157/public/index.php(59): CodeIgniter\Boot::bootWeb()
#13 /home/sanda/Documents/examen_final_IHM/exam_ETU003917_ETU004157/system/rewrite.php(44): require_once('...')
#14 {main}

Next CodeIgniter\Database\Exceptions\DatabaseException: No such file or directory in /home/sanda/Documents/examen_final_IHM/exam_ETU003917_ETU004157/system/Database/MySQLi/Connection.php:231
Stack trace:
#0 /home/sanda/Documents/examen_final_IHM/exam_ETU003917_ETU004157/system/Database/BaseConnection.php(555): CodeIgniter\Database\MySQLi\Connection->connect()
#1 /home/sanda/Documents/examen_final_IHM/exam_ETU003917_ETU004157/system/Database/BaseConnection.php(795): CodeIgniter\Database\BaseConnection->initialize()
#2 /home/sanda/Documents/examen_final_IHM/exam_ETU003917_ETU004157/system/Database/BaseBuilder.php(1649): CodeIgniter\Database\BaseConnection->query()
#3 /home/sanda/Documents/examen_final_IHM/exam_ETU003917_ETU004157/app/Models/ClientModel.php(20): CodeIgniter\Database\BaseBuilder->get()
#4 /home/sanda/Documents/examen_final_IHM/exam_ETU003917_ETU004157/app/Models/ClientModel.php(37): App\Models\ClientModel->estPrefixeValide()
#5 /home/sanda/Documents/examen_final_IHM/exam_ETU003917_ETU004157/app/Controllers/Client/AuthController.php(31): App\Models\ClientModel->connnecterOuInscrire()
#6 /home/sanda/Documents/examen_final_IHM/exam_ETU003917_ETU004157/system/CodeIgniter.php(951): App\Controllers\Client\AuthController->processLogin()
#7 /home/sanda/Documents/examen_final_IHM/exam_ETU003917_ETU004157/system/CodeIgniter.php(497): CodeIgniter\CodeIgniter->runController()
#8 /home/sanda/Documents/examen_final_IHM/exam_ETU003917_ETU004157/system/CodeIgniter.php(340): CodeIgniter\CodeIgniter->handleRequest()
#9 /home/sanda/Documents/examen_final_IHM/exam_ETU003917_ETU004157/system/Boot.php(417): CodeIgniter\CodeIgniter->run()
#10 /home/sanda/Documents/examen_final_IHM/exam_ETU003917_ETU004157/system/Boot.php(68): CodeIgniter\Boot::runCodeIgniter()
#11 /home/sanda/Documents/examen_final_IHM/exam_ETU003917_ETU004157/public/index.php(59): CodeIgniter\Boot::bootWeb()
#12 /home/sanda/Documents/examen_final_IHM/exam_ETU003917_ETU004157/system/rewrite.php(44): require_once('...')
#13 {main}
CRITICAL - 2026-07-20 07:28:05 --> CodeIgniter\Database\Exceptions\DatabaseException: Unable to connect to the database.
Main connection [MySQLi]: No such file or directory
[Method: POST, Route: client/login]
in SYSTEMPATH/Database/BaseConnection.php on line 606.
 1 SYSTEMPATH/Database/BaseConnection.php(795): CodeIgniter\Database\BaseConnection->initialize()
 2 SYSTEMPATH/Database/BaseBuilder.php(1649): CodeIgniter\Database\BaseConnection->query()
 3 APPPATH/Models/ClientModel.php(20): CodeIgniter\Database\BaseBuilder->get()
 4 APPPATH/Models/ClientModel.php(37): App\Models\ClientModel->estPrefixeValide()
 5 APPPATH/Controllers/Client/AuthController.php(31): App\Models\ClientModel->connnecterOuInscrire()
 6 SYSTEMPATH/CodeIgniter.php(951): App\Controllers\Client\AuthController->processLogin()
 7 SYSTEMPATH/CodeIgniter.php(497): CodeIgniter\CodeIgniter->runController()
 8 SYSTEMPATH/CodeIgniter.php(340): CodeIgniter\CodeIgniter->handleRequest()
 9 SYSTEMPATH/Boot.php(417): CodeIgniter\CodeIgniter->run()
10 SYSTEMPATH/Boot.php(68): CodeIgniter\Boot::runCodeIgniter()
11 FCPATH/index.php(59): CodeIgniter\Boot::bootWeb()
12 SYSTEMPATH/rewrite.php(44): require_once('/home/sanda/Documents/examen_final_IHM/exam_ETU003917_ETU004157/public/index.php')
ERROR - 2026-07-20 07:32:26 --> Unable to prepare statement: 1, no such table: prefixe
in SYSTEMPATH/Database/SQLite3/Connection.php on line 164.
 1 SYSTEMPATH/Database/SQLite3/Connection.php(164): SQLite3->query()
 2 SYSTEMPATH/Database/BaseConnection.php(910): CodeIgniter\Database\SQLite3\Connection->execute()
 3 SYSTEMPATH/Database/BaseConnection.php(827): CodeIgniter\Database\BaseConnection->simpleQuery()
 4 SYSTEMPATH/Database/BaseBuilder.php(1649): CodeIgniter\Database\BaseConnection->query()
 5 APPPATH/Models/ClientModel.php(20): CodeIgniter\Database\BaseBuilder->get()
 6 APPPATH/Models/ClientModel.php(37): App\Models\ClientModel->estPrefixeValide()
 7 APPPATH/Controllers/Client/AuthController.php(31): App\Models\ClientModel->connnecterOuInscrire()
 8 SYSTEMPATH/CodeIgniter.php(951): App\Controllers\Client\AuthController->processLogin()
 9 SYSTEMPATH/CodeIgniter.php(497): CodeIgniter\CodeIgniter->runController()
10 SYSTEMPATH/CodeIgniter.php(340): CodeIgniter\CodeIgniter->handleRequest()
11 SYSTEMPATH/Boot.php(417): CodeIgniter\CodeIgniter->run()
12 SYSTEMPATH/Boot.php(68): CodeIgniter\Boot::runCodeIgniter()
13 FCPATH/index.php(59): CodeIgniter\Boot::bootWeb()
14 SYSTEMPATH/rewrite.php(44): require_once('/home/sanda/Documents/examen_final_IHM/exam_ETU003917_ETU004157/public/index.php')
CRITICAL - 2026-07-20 07:32:26 --> CodeIgniter\Database\Exceptions\DatabaseException: Unable to prepare statement: 1, no such table: prefixe
[Method: POST, Route: client/login]
in SYSTEMPATH/Database/BaseConnection.php on line 865.
 1 SYSTEMPATH/Database/BaseBuilder.php(1649): CodeIgniter\Database\BaseConnection->query()
 2 APPPATH/Models/ClientModel.php(20): CodeIgniter\Database\BaseBuilder->get()
 3 APPPATH/Models/ClientModel.php(37): App\Models\ClientModel->estPrefixeValide()
 4 APPPATH/Controllers/Client/AuthController.php(31): App\Models\ClientModel->connnecterOuInscrire()
 5 SYSTEMPATH/CodeIgniter.php(951): App\Controllers\Client\AuthController->processLogin()
 6 SYSTEMPATH/CodeIgniter.php(497): CodeIgniter\CodeIgniter->runController()
 7 SYSTEMPATH/CodeIgniter.php(340): CodeIgniter\CodeIgniter->handleRequest()
 8 SYSTEMPATH/Boot.php(417): CodeIgniter\CodeIgniter->run()
 9 SYSTEMPATH/Boot.php(68): CodeIgniter\Boot::runCodeIgniter()
10 FCPATH/index.php(59): CodeIgniter\Boot::bootWeb()
11 SYSTEMPATH/rewrite.php(44): require_once('/home/sanda/Documents/examen_final_IHM/exam_ETU003917_ETU004157/public/index.php')
CRITICAL - 2026-07-20 07:32:26 --> [Caused by] CodeIgniter\Database\Exceptions\DatabaseException: Unable to prepare statement: 1, no such table: prefixe
in SYSTEMPATH/Database/SQLite3/Connection.php on line 174.
 1 SYSTEMPATH/Database/BaseConnection.php(910): CodeIgniter\Database\SQLite3\Connection->execute()
 2 SYSTEMPATH/Database/BaseConnection.php(827): CodeIgniter\Database\BaseConnection->simpleQuery()
 3 SYSTEMPATH/Database/BaseBuilder.php(1649): CodeIgniter\Database\BaseConnection->query()
 4 APPPATH/Models/ClientModel.php(20): CodeIgniter\Database\BaseBuilder->get()
 5 APPPATH/Models/ClientModel.php(37): App\Models\ClientModel->estPrefixeValide()
 6 APPPATH/Controllers/Client/AuthController.php(31): App\Models\ClientModel->connnecterOuInscrire()
 7 SYSTEMPATH/CodeIgniter.php(951): App\Controllers\Client\AuthController->processLogin()
 8 SYSTEMPATH/CodeIgniter.php(497): CodeIgniter\CodeIgniter->runController()
 9 SYSTEMPATH/CodeIgniter.php(340): CodeIgniter\CodeIgniter->handleRequest()
10 SYSTEMPATH/Boot.php(417): CodeIgniter\CodeIgniter->run()
11 SYSTEMPATH/Boot.php(68): CodeIgniter\Boot::runCodeIgniter()
12 FCPATH/index.php(59): CodeIgniter\Boot::bootWeb()
13 SYSTEMPATH/rewrite.php(44): require_once('/home/sanda/Documents/examen_final_IHM/exam_ETU003917_ETU004157/public/index.php')
CRITICAL - 2026-07-20 07:32:26 --> [Caused by] Exception: Unable to prepare statement: 1, no such table: prefixe
in SYSTEMPATH/Database/SQLite3/Connection.php on line 164.
 1 SYSTEMPATH/Database/SQLite3/Connection.php(164): SQLite3->query()
 2 SYSTEMPATH/Database/BaseConnection.php(910): CodeIgniter\Database\SQLite3\Connection->execute()
 3 SYSTEMPATH/Database/BaseConnection.php(827): CodeIgniter\Database\BaseConnection->simpleQuery()
 4 SYSTEMPATH/Database/BaseBuilder.php(1649): CodeIgniter\Database\BaseConnection->query()
 5 APPPATH/Models/ClientModel.php(20): CodeIgniter\Database\BaseBuilder->get()
 6 APPPATH/Models/ClientModel.php(37): App\Models\ClientModel->estPrefixeValide()
 7 APPPATH/Controllers/Client/AuthController.php(31): App\Models\ClientModel->connnecterOuInscrire()
 8 SYSTEMPATH/CodeIgniter.php(951): App\Controllers\Client\AuthController->processLogin()
 9 SYSTEMPATH/CodeIgniter.php(497): CodeIgniter\CodeIgniter->runController()
10 SYSTEMPATH/CodeIgniter.php(340): CodeIgniter\CodeIgniter->handleRequest()
11 SYSTEMPATH/Boot.php(417): CodeIgniter\CodeIgniter->run()
12 SYSTEMPATH/Boot.php(68): CodeIgniter\Boot::runCodeIgniter()
13 FCPATH/index.php(59): CodeIgniter\Boot::bootWeb()
14 SYSTEMPATH/rewrite.php(44): require_once('/home/sanda/Documents/examen_final_IHM/exam_ETU003917_ETU004157/public/index.php')
CRITICAL - 2026-07-20 07:36:50 --> ErrorException: Undefined array key "telephone"
[Method: POST, Route: client/login]
in APPPATH/Controllers/Client/AuthController.php on line 40.
 1 APPPATH/Controllers/Client/AuthController.php(40): CodeIgniter\Debug\Exceptions->errorHandler()
 2 SYSTEMPATH/CodeIgniter.php(951): App\Controllers\Client\AuthController->processLogin()
 3 SYSTEMPATH/CodeIgniter.php(497): CodeIgniter\CodeIgniter->runController()
=======
CRITICAL - 2026-07-20 07:49:11 --> CodeIgniter\Filters\Exceptions\FilterException: "auth" filter must have a matching alias defined.
[Method: GET, Route: operateur/prefixes]
in SYSTEMPATH/Filters/Filters.php on line 590.
 1 SYSTEMPATH/Filters/Filters.php(590): CodeIgniter\Filters\Exceptions\FilterException::forNoAlias()
 2 SYSTEMPATH/Filters/Filters.php(641): CodeIgniter\Filters\Filters->enableFilter()
 3 SYSTEMPATH/CodeIgniter.php(453): CodeIgniter\Filters\Filters->enableFilters()
>>>>>>> dc4c3ab15117c0c6b0e3f53a90b7ca215bc5a903
 4 SYSTEMPATH/CodeIgniter.php(340): CodeIgniter\CodeIgniter->handleRequest()
 5 SYSTEMPATH/Boot.php(417): CodeIgniter\CodeIgniter->run()
 6 SYSTEMPATH/Boot.php(68): CodeIgniter\Boot::runCodeIgniter()
 7 FCPATH/index.php(59): CodeIgniter\Boot::bootWeb()
<<<<<<< HEAD
 8 SYSTEMPATH/rewrite.php(44): require_once('/home/sanda/Documents/examen_final_IHM/exam_ETU003917_ETU004157/public/index.php')
ERROR - 2026-07-20 07:46:31 --> Error connecting to the database: mysqli_sql_exception: No such file or directory in /home/sanda/Documents/examen_final_IHM/exam_ETU003917_ETU004157/system/Database/MySQLi/Connection.php:201
Stack trace:
#0 /home/sanda/Documents/examen_final_IHM/exam_ETU003917_ETU004157/system/Database/MySQLi/Connection.php(201): mysqli->real_connect()
#1 /home/sanda/Documents/examen_final_IHM/exam_ETU003917_ETU004157/system/Database/BaseConnection.php(555): CodeIgniter\Database\MySQLi\Connection->connect()
#2 /home/sanda/Documents/examen_final_IHM/exam_ETU003917_ETU004157/system/Database/BaseConnection.php(795): CodeIgniter\Database\BaseConnection->initialize()
#3 /home/sanda/Documents/examen_final_IHM/exam_ETU003917_ETU004157/system/Database/BaseBuilder.php(1649): CodeIgniter\Database\BaseConnection->query()
#4 /home/sanda/Documents/examen_final_IHM/exam_ETU003917_ETU004157/system/Model.php(192): CodeIgniter\Database\BaseBuilder->get()
#5 /home/sanda/Documents/examen_final_IHM/exam_ETU003917_ETU004157/system/BaseModel.php(615): CodeIgniter\Model->doFind()
#6 /home/sanda/Documents/examen_final_IHM/exam_ETU003917_ETU004157/app/Controllers/Client/DashboardController.php(18): CodeIgniter\BaseModel->find()
#7 /home/sanda/Documents/examen_final_IHM/exam_ETU003917_ETU004157/system/CodeIgniter.php(951): App\Controllers\Client\DashboardController->index()
#8 /home/sanda/Documents/examen_final_IHM/exam_ETU003917_ETU004157/system/CodeIgniter.php(497): CodeIgniter\CodeIgniter->runController()
#9 /home/sanda/Documents/examen_final_IHM/exam_ETU003917_ETU004157/system/CodeIgniter.php(340): CodeIgniter\CodeIgniter->handleRequest()
#10 /home/sanda/Documents/examen_final_IHM/exam_ETU003917_ETU004157/system/Boot.php(417): CodeIgniter\CodeIgniter->run()
#11 /home/sanda/Documents/examen_final_IHM/exam_ETU003917_ETU004157/system/Boot.php(68): CodeIgniter\Boot::runCodeIgniter()
#12 /home/sanda/Documents/examen_final_IHM/exam_ETU003917_ETU004157/public/index.php(59): CodeIgniter\Boot::bootWeb()
#13 /home/sanda/Documents/examen_final_IHM/exam_ETU003917_ETU004157/system/rewrite.php(44): require_once('...')
#14 {main}

Next CodeIgniter\Database\Exceptions\DatabaseException: No such file or directory in /home/sanda/Documents/examen_final_IHM/exam_ETU003917_ETU004157/system/Database/MySQLi/Connection.php:231
Stack trace:
#0 /home/sanda/Documents/examen_final_IHM/exam_ETU003917_ETU004157/system/Database/BaseConnection.php(555): CodeIgniter\Database\MySQLi\Connection->connect()
#1 /home/sanda/Documents/examen_final_IHM/exam_ETU003917_ETU004157/system/Database/BaseConnection.php(795): CodeIgniter\Database\BaseConnection->initialize()
#2 /home/sanda/Documents/examen_final_IHM/exam_ETU003917_ETU004157/system/Database/BaseBuilder.php(1649): CodeIgniter\Database\BaseConnection->query()
#3 /home/sanda/Documents/examen_final_IHM/exam_ETU003917_ETU004157/system/Model.php(192): CodeIgniter\Database\BaseBuilder->get()
#4 /home/sanda/Documents/examen_final_IHM/exam_ETU003917_ETU004157/system/BaseModel.php(615): CodeIgniter\Model->doFind()
#5 /home/sanda/Documents/examen_final_IHM/exam_ETU003917_ETU004157/app/Controllers/Client/DashboardController.php(18): CodeIgniter\BaseModel->find()
#6 /home/sanda/Documents/examen_final_IHM/exam_ETU003917_ETU004157/system/CodeIgniter.php(951): App\Controllers\Client\DashboardController->index()
#7 /home/sanda/Documents/examen_final_IHM/exam_ETU003917_ETU004157/system/CodeIgniter.php(497): CodeIgniter\CodeIgniter->runController()
#8 /home/sanda/Documents/examen_final_IHM/exam_ETU003917_ETU004157/system/CodeIgniter.php(340): CodeIgniter\CodeIgniter->handleRequest()
#9 /home/sanda/Documents/examen_final_IHM/exam_ETU003917_ETU004157/system/Boot.php(417): CodeIgniter\CodeIgniter->run()
#10 /home/sanda/Documents/examen_final_IHM/exam_ETU003917_ETU004157/system/Boot.php(68): CodeIgniter\Boot::runCodeIgniter()
#11 /home/sanda/Documents/examen_final_IHM/exam_ETU003917_ETU004157/public/index.php(59): CodeIgniter\Boot::bootWeb()
#12 /home/sanda/Documents/examen_final_IHM/exam_ETU003917_ETU004157/system/rewrite.php(44): require_once('...')
#13 {main}
CRITICAL - 2026-07-20 07:46:31 --> CodeIgniter\Database\Exceptions\DatabaseException: Unable to connect to the database.
Main connection [MySQLi]: No such file or directory
[Method: GET, Route: client/dashboard]
in SYSTEMPATH/Database/BaseConnection.php on line 606.
 1 SYSTEMPATH/Database/BaseConnection.php(795): CodeIgniter\Database\BaseConnection->initialize()
 2 SYSTEMPATH/Database/BaseBuilder.php(1649): CodeIgniter\Database\BaseConnection->query()
 3 SYSTEMPATH/Model.php(192): CodeIgniter\Database\BaseBuilder->get()
 4 SYSTEMPATH/BaseModel.php(615): CodeIgniter\Model->doFind()
 5 APPPATH/Controllers/Client/DashboardController.php(18): CodeIgniter\BaseModel->find()
 6 SYSTEMPATH/CodeIgniter.php(951): App\Controllers\Client\DashboardController->index()
 7 SYSTEMPATH/CodeIgniter.php(497): CodeIgniter\CodeIgniter->runController()
 8 SYSTEMPATH/CodeIgniter.php(340): CodeIgniter\CodeIgniter->handleRequest()
 9 SYSTEMPATH/Boot.php(417): CodeIgniter\CodeIgniter->run()
10 SYSTEMPATH/Boot.php(68): CodeIgniter\Boot::runCodeIgniter()
11 FCPATH/index.php(59): CodeIgniter\Boot::bootWeb()
12 SYSTEMPATH/rewrite.php(44): require_once('/home/sanda/Documents/examen_final_IHM/exam_ETU003917_ETU004157/public/index.php')
ERROR - 2026-07-20 07:46:31 --> Error connecting to the database: mysqli_sql_exception: No such file or directory in /home/sanda/Documents/examen_final_IHM/exam_ETU003917_ETU004157/system/Database/MySQLi/Connection.php:201
Stack trace:
#0 /home/sanda/Documents/examen_final_IHM/exam_ETU003917_ETU004157/system/Database/MySQLi/Connection.php(201): mysqli->real_connect()
#1 /home/sanda/Documents/examen_final_IHM/exam_ETU003917_ETU004157/system/Database/BaseConnection.php(555): CodeIgniter\Database\MySQLi\Connection->connect()
#2 /home/sanda/Documents/examen_final_IHM/exam_ETU003917_ETU004157/system/Database/BaseConnection.php(795): CodeIgniter\Database\BaseConnection->initialize()
#3 /home/sanda/Documents/examen_final_IHM/exam_ETU003917_ETU004157/system/Database/BaseBuilder.php(1649): CodeIgniter\Database\BaseConnection->query()
#4 /home/sanda/Documents/examen_final_IHM/exam_ETU003917_ETU004157/system/Model.php(192): CodeIgniter\Database\BaseBuilder->get()
#5 /home/sanda/Documents/examen_final_IHM/exam_ETU003917_ETU004157/system/BaseModel.php(615): CodeIgniter\Model->doFind()
#6 /home/sanda/Documents/examen_final_IHM/exam_ETU003917_ETU004157/app/Controllers/Client/DashboardController.php(18): CodeIgniter\BaseModel->find()
#7 /home/sanda/Documents/examen_final_IHM/exam_ETU003917_ETU004157/system/CodeIgniter.php(951): App\Controllers\Client\DashboardController->index()
#8 /home/sanda/Documents/examen_final_IHM/exam_ETU003917_ETU004157/system/CodeIgniter.php(497): CodeIgniter\CodeIgniter->runController()
#9 /home/sanda/Documents/examen_final_IHM/exam_ETU003917_ETU004157/system/CodeIgniter.php(340): CodeIgniter\CodeIgniter->handleRequest()
#10 /home/sanda/Documents/examen_final_IHM/exam_ETU003917_ETU004157/system/Boot.php(417): CodeIgniter\CodeIgniter->run()
#11 /home/sanda/Documents/examen_final_IHM/exam_ETU003917_ETU004157/system/Boot.php(68): CodeIgniter\Boot::runCodeIgniter()
#12 /home/sanda/Documents/examen_final_IHM/exam_ETU003917_ETU004157/public/index.php(59): CodeIgniter\Boot::bootWeb()
#13 /home/sanda/Documents/examen_final_IHM/exam_ETU003917_ETU004157/system/rewrite.php(44): require_once('...')
#14 {main}

Next CodeIgniter\Database\Exceptions\DatabaseException: No such file or directory in /home/sanda/Documents/examen_final_IHM/exam_ETU003917_ETU004157/system/Database/MySQLi/Connection.php:231
Stack trace:
#0 /home/sanda/Documents/examen_final_IHM/exam_ETU003917_ETU004157/system/Database/BaseConnection.php(555): CodeIgniter\Database\MySQLi\Connection->connect()
#1 /home/sanda/Documents/examen_final_IHM/exam_ETU003917_ETU004157/system/Database/BaseConnection.php(795): CodeIgniter\Database\BaseConnection->initialize()
#2 /home/sanda/Documents/examen_final_IHM/exam_ETU003917_ETU004157/system/Database/BaseBuilder.php(1649): CodeIgniter\Database\BaseConnection->query()
#3 /home/sanda/Documents/examen_final_IHM/exam_ETU003917_ETU004157/system/Model.php(192): CodeIgniter\Database\BaseBuilder->get()
#4 /home/sanda/Documents/examen_final_IHM/exam_ETU003917_ETU004157/system/BaseModel.php(615): CodeIgniter\Model->doFind()
#5 /home/sanda/Documents/examen_final_IHM/exam_ETU003917_ETU004157/app/Controllers/Client/DashboardController.php(18): CodeIgniter\BaseModel->find()
#6 /home/sanda/Documents/examen_final_IHM/exam_ETU003917_ETU004157/system/CodeIgniter.php(951): App\Controllers\Client\DashboardController->index()
#7 /home/sanda/Documents/examen_final_IHM/exam_ETU003917_ETU004157/system/CodeIgniter.php(497): CodeIgniter\CodeIgniter->runController()
#8 /home/sanda/Documents/examen_final_IHM/exam_ETU003917_ETU004157/system/CodeIgniter.php(340): CodeIgniter\CodeIgniter->handleRequest()
#9 /home/sanda/Documents/examen_final_IHM/exam_ETU003917_ETU004157/system/Boot.php(417): CodeIgniter\CodeIgniter->run()
#10 /home/sanda/Documents/examen_final_IHM/exam_ETU003917_ETU004157/system/Boot.php(68): CodeIgniter\Boot::runCodeIgniter()
#11 /home/sanda/Documents/examen_final_IHM/exam_ETU003917_ETU004157/public/index.php(59): CodeIgniter\Boot::bootWeb()
#12 /home/sanda/Documents/examen_final_IHM/exam_ETU003917_ETU004157/system/rewrite.php(44): require_once('...')
#13 {main}
CRITICAL - 2026-07-20 07:46:31 --> CodeIgniter\Database\Exceptions\DatabaseException: Unable to connect to the database.
Main connection [MySQLi]: No such file or directory
[Method: GET, Route: client/dashboard]
in SYSTEMPATH/Database/BaseConnection.php on line 606.
 1 SYSTEMPATH/Database/BaseConnection.php(795): CodeIgniter\Database\BaseConnection->initialize()
 2 SYSTEMPATH/Database/BaseBuilder.php(1649): CodeIgniter\Database\BaseConnection->query()
 3 SYSTEMPATH/Model.php(192): CodeIgniter\Database\BaseBuilder->get()
 4 SYSTEMPATH/BaseModel.php(615): CodeIgniter\Model->doFind()
 5 APPPATH/Controllers/Client/DashboardController.php(18): CodeIgniter\BaseModel->find()
 6 SYSTEMPATH/CodeIgniter.php(951): App\Controllers\Client\DashboardController->index()
 7 SYSTEMPATH/CodeIgniter.php(497): CodeIgniter\CodeIgniter->runController()
 8 SYSTEMPATH/CodeIgniter.php(340): CodeIgniter\CodeIgniter->handleRequest()
 9 SYSTEMPATH/Boot.php(417): CodeIgniter\CodeIgniter->run()
10 SYSTEMPATH/Boot.php(68): CodeIgniter\Boot::runCodeIgniter()
11 FCPATH/index.php(59): CodeIgniter\Boot::bootWeb()
12 SYSTEMPATH/rewrite.php(44): require_once('/home/sanda/Documents/examen_final_IHM/exam_ETU003917_ETU004157/public/index.php')
ERROR - 2026-07-20 07:47:41 --> Error connecting to the database: mysqli_sql_exception: No such file or directory in /home/sanda/Documents/examen_final_IHM/exam_ETU003917_ETU004157/system/Database/MySQLi/Connection.php:201
Stack trace:
#0 /home/sanda/Documents/examen_final_IHM/exam_ETU003917_ETU004157/system/Database/MySQLi/Connection.php(201): mysqli->real_connect()
#1 /home/sanda/Documents/examen_final_IHM/exam_ETU003917_ETU004157/system/Database/BaseConnection.php(555): CodeIgniter\Database\MySQLi\Connection->connect()
#2 /home/sanda/Documents/examen_final_IHM/exam_ETU003917_ETU004157/system/Database/BaseConnection.php(795): CodeIgniter\Database\BaseConnection->initialize()
#3 /home/sanda/Documents/examen_final_IHM/exam_ETU003917_ETU004157/system/Database/BaseBuilder.php(1649): CodeIgniter\Database\BaseConnection->query()
#4 /home/sanda/Documents/examen_final_IHM/exam_ETU003917_ETU004157/system/Model.php(192): CodeIgniter\Database\BaseBuilder->get()
#5 /home/sanda/Documents/examen_final_IHM/exam_ETU003917_ETU004157/system/BaseModel.php(615): CodeIgniter\Model->doFind()
#6 /home/sanda/Documents/examen_final_IHM/exam_ETU003917_ETU004157/app/Controllers/Client/DashboardController.php(18): CodeIgniter\BaseModel->find()
#7 /home/sanda/Documents/examen_final_IHM/exam_ETU003917_ETU004157/system/CodeIgniter.php(951): App\Controllers\Client\DashboardController->index()
#8 /home/sanda/Documents/examen_final_IHM/exam_ETU003917_ETU004157/system/CodeIgniter.php(497): CodeIgniter\CodeIgniter->runController()
#9 /home/sanda/Documents/examen_final_IHM/exam_ETU003917_ETU004157/system/CodeIgniter.php(340): CodeIgniter\CodeIgniter->handleRequest()
#10 /home/sanda/Documents/examen_final_IHM/exam_ETU003917_ETU004157/system/Boot.php(417): CodeIgniter\CodeIgniter->run()
#11 /home/sanda/Documents/examen_final_IHM/exam_ETU003917_ETU004157/system/Boot.php(68): CodeIgniter\Boot::runCodeIgniter()
#12 /home/sanda/Documents/examen_final_IHM/exam_ETU003917_ETU004157/public/index.php(59): CodeIgniter\Boot::bootWeb()
#13 /home/sanda/Documents/examen_final_IHM/exam_ETU003917_ETU004157/system/rewrite.php(44): require_once('...')
#14 {main}

Next CodeIgniter\Database\Exceptions\DatabaseException: No such file or directory in /home/sanda/Documents/examen_final_IHM/exam_ETU003917_ETU004157/system/Database/MySQLi/Connection.php:231
Stack trace:
#0 /home/sanda/Documents/examen_final_IHM/exam_ETU003917_ETU004157/system/Database/BaseConnection.php(555): CodeIgniter\Database\MySQLi\Connection->connect()
#1 /home/sanda/Documents/examen_final_IHM/exam_ETU003917_ETU004157/system/Database/BaseConnection.php(795): CodeIgniter\Database\BaseConnection->initialize()
#2 /home/sanda/Documents/examen_final_IHM/exam_ETU003917_ETU004157/system/Database/BaseBuilder.php(1649): CodeIgniter\Database\BaseConnection->query()
#3 /home/sanda/Documents/examen_final_IHM/exam_ETU003917_ETU004157/system/Model.php(192): CodeIgniter\Database\BaseBuilder->get()
#4 /home/sanda/Documents/examen_final_IHM/exam_ETU003917_ETU004157/system/BaseModel.php(615): CodeIgniter\Model->doFind()
#5 /home/sanda/Documents/examen_final_IHM/exam_ETU003917_ETU004157/app/Controllers/Client/DashboardController.php(18): CodeIgniter\BaseModel->find()
#6 /home/sanda/Documents/examen_final_IHM/exam_ETU003917_ETU004157/system/CodeIgniter.php(951): App\Controllers\Client\DashboardController->index()
#7 /home/sanda/Documents/examen_final_IHM/exam_ETU003917_ETU004157/system/CodeIgniter.php(497): CodeIgniter\CodeIgniter->runController()
#8 /home/sanda/Documents/examen_final_IHM/exam_ETU003917_ETU004157/system/CodeIgniter.php(340): CodeIgniter\CodeIgniter->handleRequest()
#9 /home/sanda/Documents/examen_final_IHM/exam_ETU003917_ETU004157/system/Boot.php(417): CodeIgniter\CodeIgniter->run()
#10 /home/sanda/Documents/examen_final_IHM/exam_ETU003917_ETU004157/system/Boot.php(68): CodeIgniter\Boot::runCodeIgniter()
#11 /home/sanda/Documents/examen_final_IHM/exam_ETU003917_ETU004157/public/index.php(59): CodeIgniter\Boot::bootWeb()
#12 /home/sanda/Documents/examen_final_IHM/exam_ETU003917_ETU004157/system/rewrite.php(44): require_once('...')
#13 {main}
CRITICAL - 2026-07-20 07:47:41 --> CodeIgniter\Database\Exceptions\DatabaseException: Unable to connect to the database.
Main connection [MySQLi]: No such file or directory
[Method: GET, Route: client/dashboard]
in SYSTEMPATH/Database/BaseConnection.php on line 606.
 1 SYSTEMPATH/Database/BaseConnection.php(795): CodeIgniter\Database\BaseConnection->initialize()
 2 SYSTEMPATH/Database/BaseBuilder.php(1649): CodeIgniter\Database\BaseConnection->query()
 3 SYSTEMPATH/Model.php(192): CodeIgniter\Database\BaseBuilder->get()
 4 SYSTEMPATH/BaseModel.php(615): CodeIgniter\Model->doFind()
 5 APPPATH/Controllers/Client/DashboardController.php(18): CodeIgniter\BaseModel->find()
 6 SYSTEMPATH/CodeIgniter.php(951): App\Controllers\Client\DashboardController->index()
 7 SYSTEMPATH/CodeIgniter.php(497): CodeIgniter\CodeIgniter->runController()
 8 SYSTEMPATH/CodeIgniter.php(340): CodeIgniter\CodeIgniter->handleRequest()
 9 SYSTEMPATH/Boot.php(417): CodeIgniter\CodeIgniter->run()
10 SYSTEMPATH/Boot.php(68): CodeIgniter\Boot::runCodeIgniter()
11 FCPATH/index.php(59): CodeIgniter\Boot::bootWeb()
12 SYSTEMPATH/rewrite.php(44): require_once('/home/sanda/Documents/examen_final_IHM/exam_ETU003917_ETU004157/public/index.php')
=======
 8 SYSTEMPATH/rewrite.php(44): require_once('/home/olivierdashgd/ITU/L2_ITU/s4/mrsRojo_tovo/exam_ETU003917_ETU004157/public/index.php')
>>>>>>> dc4c3ab15117c0c6b0e3f53a90b7ca215bc5a903
